<?xml version="1.0" encoding="UTF-8"?>
<!-- Generated by org.testng.reporters.JUnitXMLReporter -->
<testsuite hostname="Er-Kamil-Computer" ignored="0" name="SmokeTest" tests="2" failures="1" timestamp="12 Jan 2020 10:06:52 GMT" time="40.818" errors="0">
  <testcase name="testValidLogin" time="4.678" classname="test_scripts.TestValidLogin"/>
  <testcase name="testInvalidLogin" time="1.01" classname="test_scripts.TestInvalidLogin">
    <failure type="java.lang.AssertionError" message="null">
      <![CDATA[java.lang.AssertionError: null
at test_scripts.TestInvalidLogin.testInvalidLogin(TestInvalidLogin.java:26)
... Removed 27 stack frames]]>
    </failure>
  </testcase> <!-- testInvalidLogin -->
</testsuite> <!-- SmokeTest -->
